[debug] [2024-10-11T02:35:40.099Z] ----------------------------------------------------------------------
[debug] [2024-10-11T02:35:40.101Z] Command:       C:\Program Files\nodejs\node.exe C:\Users\dorra\AppData\Roaming\npm\node_modules\firebase-tools\lib\bin\firebase.js init
[debug] [2024-10-11T02:35:40.101Z] CLI Version:   13.22.0
[debug] [2024-10-11T02:35:40.102Z] Platform:      win32
[debug] [2024-10-11T02:35:40.102Z] Node Version:  v20.17.0
[debug] [2024-10-11T02:35:40.102Z] Time:          Fri Oct 11 2024 03:35:40 GMT+0100 (heure normale d’Europe centrale)
[debug] [2024-10-11T02:35:40.102Z] ----------------------------------------------------------------------
[debug] 
[debug] [2024-10-11T02:35:40.159Z] > command requires scopes: ["email","openid","https://www.googleapis.com/auth/cloudplatformprojects.readonly","https://www.googleapis.com/auth/firebase","https://www.googleapis.com/auth/cloud-platform"]
[debug] [2024-10-11T02:35:40.159Z] > authorizing via signed-in user (nsiradorra14@gmail.com)
[info] 
     ######## #### ########  ######## ########     ###     ######  ########
     ##        ##  ##     ## ##       ##     ##  ##   ##  ##       ##
     ######    ##  ########  ######   ########  #########  ######  ######
     ##        ##  ##    ##  ##       ##     ## ##     ##       ## ##
     ##       #### ##     ## ######## ########  ##     ##  ######  ########

You're about to initialize a Firebase project in this directory:

  C:\Users\dorra\Downloads\portfolio

Before we get started, keep in mind:

  * You are initializing within an existing Firebase project directory

[info] 
=== Project Setup
[info] 
[info] First, let's associate this project directory with a Firebase project.
[info] You can create multiple project aliases by running firebase use --add, 
[info] but for now we'll just set up a default project.
[info] 
[debug] [2024-10-11T02:35:46.203Z] Using project from CLI flag: portfolio-84d85
[debug] [2024-10-11T02:35:46.204Z] Checked if tokens are valid: false, expires at: 1728577953699
[debug] [2024-10-11T02:35:46.204Z] Checked if tokens are valid: false, expires at: 1728577953699
[debug] [2024-10-11T02:35:46.204Z] > refreshing access token with scopes: []
[debug] [2024-10-11T02:35:46.206Z] >>> [apiv2][query] POST https://www.googleapis.com/oauth2/v3/token [none]
[debug] [2024-10-11T02:35:46.206Z] >>> [apiv2][body] POST https://www.googleapis.com/oauth2/v3/token [omitted]
[debug] [2024-10-11T02:35:46.240Z] *** [apiv2] error from fetch(https://www.googleapis.com/oauth2/v3/token, {"headers":{},"method":"POST","body":{"_overheadLength":545,"_valueLength":212,"_valuesToMeasure":[],"writable":false,"readable":true,"dataSize":0,"maxDataSize":2097152,"pauseStreams":true,"_released":true,"_streams":[],"_currentStream":null,"_insideLoop":false,"_pendingNext":false,"_boundary":"--------------------------086963359292160048948992","_events":{},"_eventsCount":1}}): FetchError: request to https://www.googleapis.com/oauth2/v3/token failed, reason: getaddrinfo ENOTFOUND www.googleapis.com
[debug] [2024-10-11T02:35:46.240Z] Authentication Error: Your credentials are no longer valid. Please run firebase login --reauth

For CI servers and headless environments, generate a new token with firebase login:ci
[debug] [2024-10-11T02:35:46.244Z] FirebaseError: Authentication Error: Your credentials are no longer valid. Please run firebase login --reauth

For CI servers and headless environments, generate a new token with firebase login:ci
    at invalidCredentialError (C:\Users\dorra\AppData\Roaming\npm\node_modules\firebase-tools\lib\auth.js:140:12)
    at refreshTokens (C:\Users\dorra\AppData\Roaming\npm\node_modules\firebase-tools\lib\auth.js:526:15)
    at process.processTicksAndRejections (node:internal/process/task_queues:95:5)
    at async getAccessToken (C:\Users\dorra\AppData\Roaming\npm\node_modules\firebase-tools\lib\apiv2.js:42:18)
    at async Client.addAuthHeader (C:\Users\dorra\AppData\Roaming\npm\node_modules\firebase-tools\lib\apiv2.js:169:21)
    at async Client.request (C:\Users\dorra\AppData\Roaming\npm\node_modules\firebase-tools\lib\apiv2.js:120:34)
    at async getFirebaseProject (C:\Users\dorra\AppData\Roaming\npm\node_modules\firebase-tools\lib\management\projects.js:295:21)
    at async doSetup (C:\Users\dorra\AppData\Roaming\npm\node_modules\firebase-tools\lib\init\features\project.js:85:27)
    at async init (C:\Users\dorra\AppData\Roaming\npm\node_modules\firebase-tools\lib\init\index.js:41:9)
[error] 
[error] Error: Failed to get Firebase project portfolio-84d85. Please make sure the project exists and your account has permission to access it.
